This file contains any messages produced by compilers while
running configure, to aid debugging if configure makes a mistake.

It was created by gc configure 7.2, which was
generated by GNU Autoconf 2.69.  Invocation command line was

  $ ./configure 

## --------- ##
## Platform. ##
## --------- ##

hostname = pcyazbeck
uname -m = i686
uname -r = 1.7.18(0.263/5/3)
uname -s = CYGWIN_NT-6.1-WOW64
uname -v = 2013-04-19 10:39

/usr/bin/uname -p = unknown
/bin/uname -X     = unknown

/bin/arch              = i686
/usr/bin/arch -k       = unknown
/usr/convex/getsysinfo = unknown
/usr/bin/hostinfo      = unknown
/bin/machine           = unknown
/usr/bin/oslevel       = unknown
/bin/universe          = unknown

PATH: /usr/bin/


## ----------- ##
## Core tests. ##
## ----------- ##

configure:2484: checking build system type
configure:2498: result: i686-pc-cygwin
configure:2518: checking host system type
configure:2531: result: i686-pc-cygwin
configure:2551: checking target system type
configure:2564: result: i686-pc-cygwin
configure:2593: checking GC version numbers
configure:2632: result: major=7 minor=2 
configure:2652: checking for a BSD-compatible install
configure:2720: result: /usr/bin//install -c
configure:2731: checking whether build environment is sane
configure:2781: result: yes
configure:2922: checking for a thread-safe mkdir -p
configure:2961: result: /usr/bin//mkdir -p
configure:2974: checking for gawk
configure:2990: found /usr/bin//gawk
configure:3001: result: gawk
configure:3012: checking whether make sets $(MAKE)
configure:3034: result: yes
configure:3117: checking whether to enable maintainer-specific portions of Makefiles
configure:3126: result: no
configure:3155: checking for style of include used by make
configure:3183: result: GNU
configure:3254: checking for gcc
configure:3270: found /usr/bin//gcc
configure:3281: result: gcc
configure:3510: checking for C compiler version
configure:3519: gcc --version >&5
gcc (GCC) 4.5.3
Copyright (C) 2010 Free Software Foundation, Inc.
This is free software; see the source for copying conditions.  There is NO
warranty; not even for MERCHANTABILITY or FITNESS FOR A PARTICULAR PURPOSE.

configure:3530: $? = 0
configure:3519: gcc -v >&5
Using built-in specs.
COLLECT_GCC=gcc
COLLECT_LTO_WRAPPER=/usr/lib/gcc/i686-pc-cygwin/4.5.3/lto-wrapper.exe
Target: i686-pc-cygwin
Configured with: /gnu/gcc/releases/respins/4.5.3-3/gcc4-4.5.3-3/src/gcc-4.5.3/configure --srcdir=/gnu/gcc/releases/respins/4.5.3-3/gcc4-4.5.3-3/src/gcc-4.5.3 --prefix=/usr --exec-prefix=/usr --bindir=/usr/bin --sbindir=/usr/sbin --libexecdir=/usr/lib --datadir=/usr/share --localstatedir=/var --sysconfdir=/etc --datarootdir=/usr/share --docdir=/usr/share/doc/gcc4 -C --datadir=/usr/share --infodir=/usr/share/info --mandir=/usr/share/man -v --with-gmp=/usr --with-mpfr=/usr --enable-bootstrap --enable-version-specific-runtime-libs --libexecdir=/usr/lib --enable-static --enable-shared --enable-shared-libgcc --disable-__cxa_atexit --with-gnu-ld --with-gnu-as --with-dwarf2 --disable-sjlj-exceptions --enable-languages=ada,c,c++,fortran,java,lto,objc,obj-c++ --enable-graphite --enable-lto --enable-java-awt=gtk --disable-symvers --enable-libjava --program-suffix=-4 --enable-libgomp --enable-libssp --enable-libada --enable-threads=posix --with-arch=i686 --with-tune=generic --enable-libgcj-sublibs CC=gcc-4 CXX=g++-4 CC_FOR_TARGET=gcc-4 CXX_FOR_TARGET=g++-4 GNATMAKE_FOR_TARGET=gnatmake GNATBIND_FOR_TARGET=gnatbind --with-ecj-jar=/usr/share/java/ecj.jar
Thread model: posix
gcc version 4.5.3 (GCC) 
configure:3530: $? = 0
configure:3519: gcc -V >&5
gcc: '-V' option must have argument
configure:3530: $? = 1
configure:3519: gcc -qversion >&5
gcc: unrecognized option '-qversion'
gcc: no input files
configure:3530: $? = 1
configure:3550: checking whether the C compiler works
configure:3572: gcc    conftest.c  >&5
configure:3576: $? = 0
configure:3624: result: yes
configure:3627: checking for C compiler default output file name
configure:3629: result: a.exe
configure:3635: checking for suffix of executables
configure:3642: gcc -o conftest.exe    conftest.c  >&5
configure:3646: $? = 0
configure:3668: result: .exe
configure:3690: checking whether we are cross compiling
configure:3698: gcc -o conftest.exe    conftest.c  >&5
configure:3702: $? = 0
configure:3709: ./conftest.exe
configure:3713: $? = 0
configure:3728: result: no
configure:3733: checking for suffix of object files
configure:3755: gcc -c   conftest.c >&5
configure:3759: $? = 0
configure:3780: result: o
configure:3784: checking whether we are using the GNU C compiler
configure:3803: gcc -c   conftest.c >&5
configure:3803: $? = 0
configure:3812: result: yes
configure:3821: checking whether gcc accepts -g
configure:3841: gcc -c -g  conftest.c >&5
configure:3841: $? = 0
configure:3882: result: yes
configure:3899: checking for gcc option to accept ISO C89
configure:3962: gcc  -c -g -O2  conftest.c >&5
configure:3962: $? = 0
configure:3975: result: none needed
configure:3997: checking dependency style of gcc
configure:4108: result: gcc3
configure:4124: checking whether gcc and cc understand -c and -o together
configure:4155: gcc -c conftest.c -o conftest2.o >&5
configure:4159: $? = 0
configure:4165: gcc -c conftest.c -o conftest2.o >&5
configure:4169: $? = 0
configure:4180: cc -c conftest.c >&5
configure:4184: $? = 0
configure:4192: cc -c conftest.c -o conftest2.o >&5
configure:4196: $? = 0
configure:4202: cc -c conftest.c -o conftest2.o >&5
configure:4206: $? = 0
configure:4224: result: yes
configure:4307: checking for g++
configure:4323: found /usr/bin//g++
configure:4334: result: g++
configure:4361: checking for C++ compiler version
configure:4370: g++ --version >&5
g++ (GCC) 4.5.3
Copyright (C) 2010 Free Software Foundation, Inc.
This is free software; see the source for copying conditions.  There is NO
warranty; not even for MERCHANTABILITY or FITNESS FOR A PARTICULAR PURPOSE.

configure:4381: $? = 0
configure:4370: g++ -v >&5
Using built-in specs.
COLLECT_GCC=g++
COLLECT_LTO_WRAPPER=/usr/lib/gcc/i686-pc-cygwin/4.5.3/lto-wrapper.exe
Target: i686-pc-cygwin
Configured with: /gnu/gcc/releases/respins/4.5.3-3/gcc4-4.5.3-3/src/gcc-4.5.3/configure --srcdir=/gnu/gcc/releases/respins/4.5.3-3/gcc4-4.5.3-3/src/gcc-4.5.3 --prefix=/usr --exec-prefix=/usr --bindir=/usr/bin --sbindir=/usr/sbin --libexecdir=/usr/lib --datadir=/usr/share --localstatedir=/var --sysconfdir=/etc --datarootdir=/usr/share --docdir=/usr/share/doc/gcc4 -C --datadir=/usr/share --infodir=/usr/share/info --mandir=/usr/share/man -v --with-gmp=/usr --with-mpfr=/usr --enable-bootstrap --enable-version-specific-runtime-libs --libexecdir=/usr/lib --enable-static --enable-shared --enable-shared-libgcc --disable-__cxa_atexit --with-gnu-ld --with-gnu-as --with-dwarf2 --disable-sjlj-exceptions --enable-languages=ada,c,c++,fortran,java,lto,objc,obj-c++ --enable-graphite --enable-lto --enable-java-awt=gtk --disable-symvers --enable-libjava --program-suffix=-4 --enable-libgomp --enable-libssp --enable-libada --enable-threads=posix --with-arch=i686 --with-tune=generic --enable-libgcj-sublibs CC=gcc-4 CXX=g++-4 CC_FOR_TARGET=gcc-4 CXX_FOR_TARGET=g++-4 GNATMAKE_FOR_TARGET=gnatmake GNATBIND_FOR_TARGET=gnatbind --with-ecj-jar=/usr/share/java/ecj.jar
Thread model: posix
gcc version 4.5.3 (GCC) 
configure:4381: $? = 0
configure:4370: g++ -V >&5
g++: '-V' option must have argument
configure:4381: $? = 1
configure:4370: g++ -qversion >&5
g++: unrecognized option '-qversion'
g++: no input files
configure:4381: $? = 1
configure:4385: checking whether we are using the GNU C++ compiler
configure:4404: g++ -c   conftest.cpp >&5
configure:4404: $? = 0
configure:4413: result: yes
configure:4422: checking whether g++ accepts -g
configure:4442: g++ -c -g  conftest.cpp >&5
configure:4442: $? = 0
configure:4483: result: yes
configure:4508: checking dependency style of g++
configure:4619: result: gcc3
configure:4644: checking dependency style of gcc
configure:4753: result: gcc3
configure:4780: checking for thread model used by GCC
configure:4794: result: posix
configure:4842: checking for inline
configure:4858: gcc -c -g -O2  conftest.c >&5
configure:4858: $? = 0
configure:4866: result: inline
configure:4894: checking for pthread_self in -lpthread
configure:4919: gcc -o conftest.exe -g -O2   conftest.c -lpthread   >&5
configure:4919: $? = 0
configure:4928: result: yes
configure:5238: checking for xlc
configure:5255: gcc -c -g -O2  conftest.c >&5
conftest.c: In function 'main':
conftest.c:21:4: error: #error 
configure:5255: $? = 1
configure: failed program was:
| /* confdefs.h */
| #define PACKAGE_NAME "gc"
| #define PACKAGE_TARNAME "gc"
| #define PACKAGE_VERSION "7.2"
| #define PACKAGE_STRING "gc 7.2"
| #define PACKAGE_BUGREPORT "gc@linux.hpl.hp.com"
| #define PACKAGE_URL ""
| #define GC_VERSION_MAJOR 7
| #define GC_VERSION_MINOR 2
| #define PACKAGE "gc"
| #define VERSION "7.2"
| #define GC_WIN32_THREADS 1
| #define THREAD_LOCAL_ALLOC 1
| /* end confdefs.h.  */
| 
| int
| main ()
| {
| 
|  #ifndef __xlC__
|  # error
|  #endif
| 
|   ;
|   return 0;
| }
configure:5261: result: no
configure:5280: checking whether gcc supports -fno-strict-aliasing
configure:5306: gcc -c -g -O2 -fno-strict-aliasing  conftest.c >&5
configure:5306: $? = 0
configure:5315: result: yes
configure:5440: checking whether to build shared libraries
configure:5482: result: yes
configure:5496: checking which machine-dependent code should be used
configure:5555: result: 
configure:5609: checking how to print strings
configure:5636: result: printf
configure:5657: checking for a sed that does not truncate output
configure:5721: result: /usr/bin//sed
configure:5739: checking for grep that handles long lines and -e
configure:5797: result: /usr/bin//grep
configure:5802: checking for egrep
configure:5864: result: /usr/bin//grep -E
configure:5869: checking for fgrep
configure:5931: result: /usr/bin//grep -F
configure:5966: checking for ld used by gcc
configure:6033: result: /usr/i686-pc-cygwin/bin/ld.exe
configure:6040: checking if the linker (/usr/i686-pc-cygwin/bin/ld.exe) is GNU ld
configure:6055: result: yes
configure:6067: checking for BSD- or MS-compatible name lister (nm)
configure:6116: result: /usr/bin//nm -B
configure:6246: checking the name lister (/usr/bin//nm -B) interface
configure:6253: gcc -c -g -O2 -fno-strict-aliasing  conftest.c >&5
configure:6256: /usr/bin//nm -B "conftest.o"
configure:6259: output
00000000 b .bss
00000000 d .data
00000000 N .debug_abbrev
00000000 N .debug_info
00000000 N .debug_line
00000000 N .debug_pubnames
00000000 t .text
00000000 B _some_variable
configure:6266: result: BSD nm
configure:6269: checking whether ln -s works
configure:6273: result: yes
configure:6281: checking the maximum length of command line arguments
configure:6406: result: 8192
configure:6423: checking whether the shell understands some XSI constructs
configure:6433: result: yes
configure:6437: checking whether the shell understands "+="
configure:6443: result: yes
configure:6478: checking how to convert i686-pc-cygwin file names to i686-pc-cygwin format
configure:6518: result: func_convert_file_noop
configure:6525: checking how to convert i686-pc-cygwin file names to toolchain format
configure:6545: result: func_convert_file_noop
configure:6552: checking for /usr/i686-pc-cygwin/bin/ld.exe option to reload object files
configure:6559: result: -r
configure:6633: checking for objdump
configure:6649: found /usr/bin//objdump
configure:6660: result: objdump
configure:6692: checking how to recognize dependent libraries
configure:6894: result: file_magic ^x86 archive import|^x86 DLL
configure:6979: checking for dlltool
configure:6995: found /usr/bin//dlltool
configure:7006: result: dlltool
configure:7039: checking how to associate runtime and link libraries
configure:7066: result: func_cygming_dll_for_implib
configure:7126: checking for ar
configure:7142: found /usr/bin//ar
configure:7153: result: ar
configure:7190: checking for archiver @FILE support
configure:7207: gcc -c -g -O2 -fno-strict-aliasing  conftest.c >&5
configure:7207: $? = 0
configure:7210: ar cru libconftest.a @conftest.lst >&5
configure:7213: $? = 0
configure:7218: ar cru libconftest.a @conftest.lst >&5
ar: conftest.o: No such file or directory
configure:7221: $? = 1
configure:7233: result: @
configure:7291: checking for strip
configure:7307: found /usr/bin//strip
configure:7318: result: strip
configure:7390: checking for ranlib
configure:7406: found /usr/bin//ranlib
configure:7417: result: ranlib
configure:7519: checking command to parse /usr/bin//nm -B output from gcc object
configure:7638: gcc -c -g -O2 -fno-strict-aliasing  conftest.c >&5
configure:7641: $? = 0
configure:7645: /usr/bin//nm -B conftest.o \| sed -n -e 's/^.*[ ]\([ABCDGIRSTW][ABCDGIRSTW]*\)[ ][ ]*\([_A-Za-z][_A-Za-z0-9]*\)$/\1 \2 \2/p' | sed '/ __gnu_lto/d' \> conftest.nm
configure:7648: $? = 0
cannot find nm_test_var in conftest.nm
configure:7638: gcc -c -g -O2 -fno-strict-aliasing  conftest.c >&5
configure:7641: $? = 0
configure:7645: /usr/bin//nm -B conftest.o \| sed -n -e 's/^.*[ ]\([ABCDGIRSTW][ABCDGIRSTW]*\)[ ][ ]*_\([_A-Za-z][_A-Za-z0-9]*\)$/\1 _\2 \2/p' | sed '/ __gnu_lto/d' \> conftest.nm
configure:7648: $? = 0
configure:7714: gcc -o conftest.exe -g -O2 -fno-strict-aliasing   conftest.c conftstm.o >&5
configure:7717: $? = 0
configure:7755: result: ok
configure:7792: checking for sysroot
configure:7822: result: no
configure:8065: checking for mt
configure:8081: found /usr/bin//mt
configure:8092: result: mt
configure:8115: checking if mt is a manifest tool
configure:8121: mt '-?'
mt: unknown option -- ?
usage: mt [-V] [-f device] operation [count]
configure:8129: result: no
configure:8761: checking how to run the C preprocessor
configure:8792: gcc -E  conftest.c
configure:8792: $? = 0
configure:8806: gcc -E  conftest.c
conftest.c:15:28: fatal error: ac_nonexistent.h: No such file or directory
compilation terminated.
configure:8806: $? = 1
configure: failed program was:
| /* confdefs.h */
| #define PACKAGE_NAME "gc"
| #define PACKAGE_TARNAME "gc"
| #define PACKAGE_VERSION "7.2"
| #define PACKAGE_STRING "gc 7.2"
| #define PACKAGE_BUGREPORT "gc@linux.hpl.hp.com"
| #define PACKAGE_URL ""
| #define GC_VERSION_MAJOR 7
| #define GC_VERSION_MINOR 2
| #define PACKAGE "gc"
| #define VERSION "7.2"
| #define GC_WIN32_THREADS 1
| #define THREAD_LOCAL_ALLOC 1
| /* end confdefs.h.  */
| #include <ac_nonexistent.h>
configure:8831: result: gcc -E
configure:8851: gcc -E  conftest.c
configure:8851: $? = 0
configure:8865: gcc -E  conftest.c
conftest.c:15:28: fatal error: ac_nonexistent.h: No such file or directory
compilation terminated.
configure:8865: $? = 1
configure: failed program was:
| /* confdefs.h */
| #define PACKAGE_NAME "gc"
| #define PACKAGE_TARNAME "gc"
| #define PACKAGE_VERSION "7.2"
| #define PACKAGE_STRING "gc 7.2"
| #define PACKAGE_BUGREPORT "gc@linux.hpl.hp.com"
| #define PACKAGE_URL ""
| #define GC_VERSION_MAJOR 7
| #define GC_VERSION_MINOR 2
| #define PACKAGE "gc"
| #define VERSION "7.2"
| #define GC_WIN32_THREADS 1
| #define THREAD_LOCAL_ALLOC 1
| /* end confdefs.h.  */
| #include <ac_nonexistent.h>
configure:8894: checking for ANSI C header files
configure:8914: gcc -c -g -O2 -fno-strict-aliasing  conftest.c >&5
configure:8914: $? = 0
configure:8987: gcc -o conftest.exe -g -O2 -fno-strict-aliasing   conftest.c  >&5
configure:8987: $? = 0
configure:8987: ./conftest.exe
configure:8987: $? = 0
configure:8998: result: yes
configure:9011: checking for sys/types.h
configure:9011: gcc -c -g -O2 -fno-strict-aliasing  conftest.c >&5
configure:9011: $? = 0
configure:9011: result: yes
configure:9011: checking for sys/stat.h
configure:9011: gcc -c -g -O2 -fno-strict-aliasing  conftest.c >&5
configure:9011: $? = 0
configure:9011: result: yes
configure:9011: checking for stdlib.h
configure:9011: gcc -c -g -O2 -fno-strict-aliasing  conftest.c >&5
configure:9011: $? = 0
configure:9011: result: yes
configure:9011: checking for string.h
configure:9011: gcc -c -g -O2 -fno-strict-aliasing  conftest.c >&5
configure:9011: $? = 0
configure:9011: result: yes
configure:9011: checking for memory.h
configure:9011: gcc -c -g -O2 -fno-strict-aliasing  conftest.c >&5
configure:9011: $? = 0
configure:9011: result: yes
configure:9011: checking for strings.h
configure:9011: gcc -c -g -O2 -fno-strict-aliasing  conftest.c >&5
configure:9011: $? = 0
configure:9011: result: yes
configure:9011: checking for inttypes.h
configure:9011: gcc -c -g -O2 -fno-strict-aliasing  conftest.c >&5
configure:9011: $? = 0
configure:9011: result: yes
configure:9011: checking for stdint.h
configure:9011: gcc -c -g -O2 -fno-strict-aliasing  conftest.c >&5
configure:9011: $? = 0
configure:9011: result: yes
configure:9011: checking for unistd.h
configure:9011: gcc -c -g -O2 -fno-strict-aliasing  conftest.c >&5
configure:9011: $? = 0
configure:9011: result: yes
configure:9025: checking for dlfcn.h
configure:9025: gcc -c -g -O2 -fno-strict-aliasing  conftest.c >&5
configure:9025: $? = 0
configure:9025: result: yes
configure:9193: checking for objdir
configure:9208: result: .libs
configure:9479: checking if gcc supports -fno-rtti -fno-exceptions
configure:9497: gcc -c -g -O2 -fno-strict-aliasing  -fno-rtti -fno-exceptions conftest.c >&5
cc1: warning: command line option "-fno-rtti" is valid for C++/ObjC++ but not for C
configure:9501: $? = 0
configure:9514: result: no
configure:9824: checking for gcc option to produce PIC
configure:9831: result: -DDLL_EXPORT -DPIC
configure:9839: checking if gcc PIC flag -DDLL_EXPORT -DPIC works
configure:9857: gcc -c -g -O2 -fno-strict-aliasing  -DDLL_EXPORT -DPIC -DPIC conftest.c >&5
configure:9861: $? = 0
configure:9874: result: yes
configure:9903: checking if gcc static flag -static works
configure:9931: result: yes
configure:9946: checking if gcc supports -c -o file.o
configure:9967: gcc -c -g -O2 -fno-strict-aliasing  -o out/conftest2.o conftest.c >&5
configure:9971: $? = 0
configure:9993: result: yes
configure:10001: checking if gcc supports -c -o file.o
configure:10048: result: yes
configure:10081: checking whether the gcc linker (/usr/i686-pc-cygwin/bin/ld.exe) supports shared libraries
configure:11239: result: yes
configure:11276: checking whether -lc should be explicitly linked in
configure:11284: gcc -c -g -O2 -fno-strict-aliasing  conftest.c >&5
configure:11287: $? = 0
configure:11302: gcc -shared conftest.o  -v -o ./conftest -Wl,--enable-auto-image-base -Xlinker --out-implib -Xlinker conftest 2\>\&1 \| /usr/bin//grep  -lc  \>/dev/null 2\>\&1
configure:11305: $? = 1
configure:11319: result: yes
configure:11484: checking dynamic linker characteristics
configure:12220: result: Win32 ld.exe
configure:12327: checking how to hardcode library paths into programs
configure:12352: result: immediate
configure:12892: checking whether stripping libraries is possible
configure:12897: result: yes
configure:12932: checking if libtool supports shared libraries
configure:12934: result: yes
configure:12937: checking whether to build shared libraries
configure:12958: result: yes
configure:12961: checking whether to build static libraries
configure:12965: result: yes
configure:12988: checking how to run the C++ preprocessor
configure:13015: g++ -E  conftest.cpp
configure:13015: $? = 0
configure:13029: g++ -E  conftest.cpp
conftest.cpp:27:28: fatal error: ac_nonexistent.h: No such file or directory
compilation terminated.
configure:13029: $? = 1
configure: failed program was:
| /* confdefs.h */
| #define PACKAGE_NAME "gc"
| #define PACKAGE_TARNAME "gc"
| #define PACKAGE_VERSION "7.2"
| #define PACKAGE_STRING "gc 7.2"
| #define PACKAGE_BUGREPORT "gc@linux.hpl.hp.com"
| #define PACKAGE_URL ""
| #define GC_VERSION_MAJOR 7
| #define GC_VERSION_MINOR 2
| #define PACKAGE "gc"
| #define VERSION "7.2"
| #define GC_WIN32_THREADS 1
| #define THREAD_LOCAL_ALLOC 1
| #define STDC_HEADERS 1
| #define HAVE_SYS_TYPES_H 1
| #define HAVE_SYS_STAT_H 1
| #define HAVE_STDLIB_H 1
| #define HAVE_STRING_H 1
| #define HAVE_MEMORY_H 1
| #define HAVE_STRINGS_H 1
| #define HAVE_INTTYPES_H 1
| #define HAVE_STDINT_H 1
| #define HAVE_UNISTD_H 1
| #define HAVE_DLFCN_H 1
| #define LT_OBJDIR ".libs/"
| /* end confdefs.h.  */
| #include <ac_nonexistent.h>
configure:13054: result: g++ -E
configure:13074: g++ -E  conftest.cpp
configure:13074: $? = 0
configure:13088: g++ -E  conftest.cpp
conftest.cpp:27:28: fatal error: ac_nonexistent.h: No such file or directory
compilation terminated.
configure:13088: $? = 1
configure: failed program was:
| /* confdefs.h */
| #define PACKAGE_NAME "gc"
| #define PACKAGE_TARNAME "gc"
| #define PACKAGE_VERSION "7.2"
| #define PACKAGE_STRING "gc 7.2"
| #define PACKAGE_BUGREPORT "gc@linux.hpl.hp.com"
| #define PACKAGE_URL ""
| #define GC_VERSION_MAJOR 7
| #define GC_VERSION_MINOR 2
| #define PACKAGE "gc"
| #define VERSION "7.2"
| #define GC_WIN32_THREADS 1
| #define THREAD_LOCAL_ALLOC 1
| #define STDC_HEADERS 1
| #define HAVE_SYS_TYPES_H 1
| #define HAVE_SYS_STAT_H 1
| #define HAVE_STDLIB_H 1
| #define HAVE_STRING_H 1
| #define HAVE_MEMORY_H 1
| #define HAVE_STRINGS_H 1
| #define HAVE_INTTYPES_H 1
| #define HAVE_STDINT_H 1
| #define HAVE_UNISTD_H 1
| #define HAVE_DLFCN_H 1
| #define LT_OBJDIR ".libs/"
| /* end confdefs.h.  */
| #include <ac_nonexistent.h>
configure:13258: checking for ld used by g++
configure:13325: result: /usr/i686-pc-cygwin/bin/ld.exe
configure:13332: checking if the linker (/usr/i686-pc-cygwin/bin/ld.exe) is GNU ld
configure:13347: result: yes
configure:13402: checking whether the g++ linker (/usr/i686-pc-cygwin/bin/ld.exe) supports shared libraries
configure:14406: result: yes
configure:14441: g++ -c -g -O2  conftest.cpp >&5
configure:14444: $? = 0
configure:14964: checking for g++ option to produce PIC
configure:14971: result: -DDLL_EXPORT -DPIC
configure:14979: checking if g++ PIC flag -DDLL_EXPORT -DPIC works
configure:14997: g++ -c -g -O2  -DDLL_EXPORT -DPIC -DPIC conftest.cpp >&5
configure:15001: $? = 0
configure:15014: result: yes
configure:15037: checking if g++ static flag -static works
configure:15065: result: yes
configure:15077: checking if g++ supports -c -o file.o
configure:15098: g++ -c -g -O2  -o out/conftest2.o conftest.cpp >&5
configure:15102: $? = 0
configure:15124: result: yes
configure:15129: checking if g++ supports -c -o file.o
configure:15176: result: yes
configure:15206: checking whether the g++ linker (/usr/i686-pc-cygwin/bin/ld.exe) supports shared libraries
configure:15240: result: yes
configure:15383: checking dynamic linker characteristics
configure:16053: result: Win32 ld.exe
configure:16106: checking how to hardcode library paths into programs
configure:16131: result: immediate
configure:16215: checking whether Solaris gcc optimization fix is necessary
configure:16238: result: no
configure:16366: checking sys/dg_sys_info.h usability
configure:16366: gcc -c -g -O2 -fno-strict-aliasing  conftest.c >&5
conftest.c:63:29: fatal error: sys/dg_sys_info.h: No such file or directory
compilation terminated.
configure:16366: $? = 1
configure: failed program was:
| /* confdefs.h */
| #define PACKAGE_NAME "gc"
| #define PACKAGE_TARNAME "gc"
| #define PACKAGE_VERSION "7.2"
| #define PACKAGE_STRING "gc 7.2"
| #define PACKAGE_BUGREPORT "gc@linux.hpl.hp.com"
| #define PACKAGE_URL ""
| #define GC_VERSION_MAJOR 7
| #define GC_VERSION_MINOR 2
| #define PACKAGE "gc"
| #define VERSION "7.2"
| #define GC_WIN32_THREADS 1
| #define THREAD_LOCAL_ALLOC 1
| #define STDC_HEADERS 1
| #define HAVE_SYS_TYPES_H 1
| #define HAVE_SYS_STAT_H 1
| #define HAVE_STDLIB_H 1
| #define HAVE_STRING_H 1
| #define HAVE_MEMORY_H 1
| #define HAVE_STRINGS_H 1
| #define HAVE_INTTYPES_H 1
| #define HAVE_STDINT_H 1
| #define HAVE_UNISTD_H 1
| #define HAVE_DLFCN_H 1
| #define LT_OBJDIR ".libs/"
| #define NO_EXECUTE_PERMISSION 1
| #define ALL_INTERIOR_POINTERS 1
| #define GC_GCJ_SUPPORT 1
| /* end confdefs.h.  */
| #include <stdio.h>
| #ifdef HAVE_SYS_TYPES_H
| # include <sys/types.h>
| #endif
| #ifdef HAVE_SYS_STAT_H
| # include <sys/stat.h>
| #endif
| #ifdef STDC_HEADERS
| # include <stdlib.h>
| # include <stddef.h>
| #else
| # ifdef HAVE_STDLIB_H
| #  include <stdlib.h>
| # endif
| #endif
| #ifdef HAVE_STRING_H
| # if !defined STDC_HEADERS && defined HAVE_MEMORY_H
| #  include <memory.h>
| # endif
| # include <string.h>
| #endif
| #ifdef HAVE_STRINGS_H
| # include <strings.h>
| #endif
| #ifdef HAVE_INTTYPES_H
| # include <inttypes.h>
| #endif
| #ifdef HAVE_STDINT_H
| # include <stdint.h>
| #endif
| #ifdef HAVE_UNISTD_H
| # include <unistd.h>
| #endif
| #include <sys/dg_sys_info.h>
configure:16366: result: no
configure:16366: checking sys/dg_sys_info.h presence
configure:16366: gcc -E  conftest.c
conftest.c:30:29: fatal error: sys/dg_sys_info.h: No such file or directory
compilation terminated.
configure:16366: $? = 1
configure: failed program was:
| /* confdefs.h */
| #define PACKAGE_NAME "gc"
| #define PACKAGE_TARNAME "gc"
| #define PACKAGE_VERSION "7.2"
| #define PACKAGE_STRING "gc 7.2"
| #define PACKAGE_BUGREPORT "gc@linux.hpl.hp.com"
| #define PACKAGE_URL ""
| #define GC_VERSION_MAJOR 7
| #define GC_VERSION_MINOR 2
| #define PACKAGE "gc"
| #define VERSION "7.2"
| #define GC_WIN32_THREADS 1
| #define THREAD_LOCAL_ALLOC 1
| #define STDC_HEADERS 1
| #define HAVE_SYS_TYPES_H 1
| #define HAVE_SYS_STAT_H 1
| #define HAVE_STDLIB_H 1
| #define HAVE_STRING_H 1
| #define HAVE_MEMORY_H 1
| #define HAVE_STRINGS_H 1
| #define HAVE_INTTYPES_H 1
| #define HAVE_STDINT_H 1
| #define HAVE_UNISTD_H 1
| #define HAVE_DLFCN_H 1
| #define LT_OBJDIR ".libs/"
| #define NO_EXECUTE_PERMISSION 1
| #define ALL_INTERIOR_POINTERS 1
| #define GC_GCJ_SUPPORT 1
| /* end confdefs.h.  */
| #include <sys/dg_sys_info.h>
configure:16366: result: no
configure:16366: checking for sys/dg_sys_info.h
configure:16366: result: no
configure:16597: checking for pkg-config
configure:16615: found /usr/bin//pkg-config
configure:16627: result: /usr/bin//pkg-config
configure:16652: checking pkg-config is at least version 0.9.0
configure:16655: result: yes
configure:16667: checking for ATOMIC_OPS
configure:16674: $PKG_CONFIG --exists --print-errors "atomic_ops"
Package atomic_ops was not found in the pkg-config search path.
Perhaps you should add the directory containing `atomic_ops.pc'
to the PKG_CONFIG_PATH environment variable
No package 'atomic_ops' found
configure:16677: $? = 1
configure:16690: $PKG_CONFIG --exists --print-errors "atomic_ops"
Package atomic_ops was not found in the pkg-config search path.
Perhaps you should add the directory containing `atomic_ops.pc'
to the PKG_CONFIG_PATH environment variable
No package 'atomic_ops' found
configure:16693: $? = 1
No package 'atomic_ops' found
configure:16720: result: no
configure:16747: checking which libatomic_ops to use
configure:16755: result: internal
configure:16982: creating ./config.status

## ---------------------- ##
## Running config.status. ##
## ---------------------- ##

This file was extended by gc config.status 7.2, which was
generated by GNU Autoconf 2.69.  Invocation command line was

  CONFIG_FILES    = 
  CONFIG_HEADERS  = 
  CONFIG_LINKS    = 
  CONFIG_COMMANDS = 
  $ ./config.status 

on pcyazbeck

config.status:1230: creating Makefile
config.status:1230: creating bdw-gc.pc
config.status:1230: creating include/private/config.h
config.status:1459: executing depfiles commands
config.status:1459: executing libtool commands
config.status:1459: executing default commands
configure:19553: === configuring in libatomic_ops (/cygdrive/g/boulot/cpp/gc-7.2/libatomic_ops)
configure:19616: running /bin/sh ./configure --disable-option-checking '--prefix=/usr/local'  --cache-file=/dev/null --srcdir=.

## ---------------- ##
## Cache variables. ##
## ---------------- ##

ac_cv_build=i686-pc-cygwin
ac_cv_c_compiler_gnu=yes
ac_cv_c_inline=inline
ac_cv_cxx_compiler_gnu=yes
ac_cv_env_ATOMIC_OPS_CFLAGS_set=
ac_cv_env_ATOMIC_OPS_CFLAGS_value=
ac_cv_env_ATOMIC_OPS_LIBS_set=
ac_cv_env_ATOMIC_OPS_LIBS_value=
ac_cv_env_CCASFLAGS_set=
ac_cv_env_CCASFLAGS_value=
ac_cv_env_CCAS_set=
ac_cv_env_CCAS_value=
ac_cv_env_CCC_set=
ac_cv_env_CCC_value=
ac_cv_env_CC_set=
ac_cv_env_CC_value=
ac_cv_env_CFLAGS_set=
ac_cv_env_CFLAGS_value=
ac_cv_env_CPPFLAGS_set=
ac_cv_env_CPPFLAGS_value=
ac_cv_env_CPP_set=
ac_cv_env_CPP_value=
ac_cv_env_CXXCPP_set=
ac_cv_env_CXXCPP_value=
ac_cv_env_CXXFLAGS_set=
ac_cv_env_CXXFLAGS_value=
ac_cv_env_CXX_set=
ac_cv_env_CXX_value=
ac_cv_env_LDFLAGS_set=
ac_cv_env_LDFLAGS_value=
ac_cv_env_LIBS_set=
ac_cv_env_LIBS_value=
ac_cv_env_PKG_CONFIG_LIBDIR_set=
ac_cv_env_PKG_CONFIG_LIBDIR_value=
ac_cv_env_PKG_CONFIG_PATH_set=
ac_cv_env_PKG_CONFIG_PATH_value=
ac_cv_env_PKG_CONFIG_set=
ac_cv_env_PKG_CONFIG_value=
ac_cv_env_build_alias_set=
ac_cv_env_build_alias_value=
ac_cv_env_host_alias_set=
ac_cv_env_host_alias_value=
ac_cv_env_target_alias_set=
ac_cv_env_target_alias_value=
ac_cv_exeext=.exe
ac_cv_fno_strict_aliasing=yes
ac_cv_header_dlfcn_h=yes
ac_cv_header_inttypes_h=yes
ac_cv_header_memory_h=yes
ac_cv_header_stdc=yes
ac_cv_header_stdint_h=yes
ac_cv_header_stdlib_h=yes
ac_cv_header_string_h=yes
ac_cv_header_strings_h=yes
ac_cv_header_sys_dg_sys_info_h=no
ac_cv_header_sys_stat_h=yes
ac_cv_header_sys_types_h=yes
ac_cv_header_unistd_h=yes
ac_cv_host=i686-pc-cygwin
ac_cv_lib_pthread_pthread_self=yes
ac_cv_objext=o
ac_cv_path_EGREP='/usr/bin//grep -E'
ac_cv_path_FGREP='/usr/bin//grep -F'
ac_cv_path_GREP=/usr/bin//grep
ac_cv_path_SED=/usr/bin//sed
ac_cv_path_ac_pt_PKG_CONFIG=/usr/bin//pkg-config
ac_cv_path_install='/usr/bin//install -c'
ac_cv_path_mkdir=/usr/bin//mkdir
ac_cv_prog_AWK=gawk
ac_cv_prog_CPP='gcc -E'
ac_cv_prog_CXXCPP='g++ -E'
ac_cv_prog_ac_ct_AR=ar
ac_cv_prog_ac_ct_CC=gcc
ac_cv_prog_ac_ct_CXX=g++
ac_cv_prog_ac_ct_DLLTOOL=dlltool
ac_cv_prog_ac_ct_MANIFEST_TOOL=mt
ac_cv_prog_ac_ct_OBJDUMP=objdump
ac_cv_prog_ac_ct_RANLIB=ranlib
ac_cv_prog_ac_ct_STRIP=strip
ac_cv_prog_cc_c89=
ac_cv_prog_cc_g=yes
ac_cv_prog_cc_gcc_c_o=yes
ac_cv_prog_cxx_g=yes
ac_cv_prog_make_make_set=yes
ac_cv_target=i686-pc-cygwin
am_cv_CCAS_dependencies_compiler_type=gcc3
am_cv_CC_dependencies_compiler_type=gcc3
am_cv_CXX_dependencies_compiler_type=gcc3
lt_cv_ar_at_file=@
lt_cv_archive_cmds_need_lc=yes
lt_cv_deplibs_check_method='file_magic ^x86 archive import|^x86 DLL'
lt_cv_file_magic_cmd=func_win32_libid
lt_cv_file_magic_test_file=
lt_cv_ld_reload_flag=-r
lt_cv_nm_interface='BSD nm'
lt_cv_objdir=.libs
lt_cv_path_LD=/usr/i686-pc-cygwin/bin/ld.exe
lt_cv_path_LDCXX=/usr/i686-pc-cygwin/bin/ld.exe
lt_cv_path_NM='/usr/bin//nm -B'
lt_cv_path_mainfest_tool=no
lt_cv_prog_compiler_c_o=yes
lt_cv_prog_compiler_c_o_CXX=yes
lt_cv_prog_compiler_pic='-DDLL_EXPORT -DPIC'
lt_cv_prog_compiler_pic_CXX='-DDLL_EXPORT -DPIC'
lt_cv_prog_compiler_pic_works=yes
lt_cv_prog_compiler_pic_works_CXX=yes
lt_cv_prog_compiler_rtti_exceptions=no
lt_cv_prog_compiler_static_works=yes
lt_cv_prog_compiler_static_works_CXX=yes
lt_cv_prog_gnu_ld=yes
lt_cv_prog_gnu_ldcxx=yes
lt_cv_sharedlib_from_linklib_cmd=func_cygming_dll_for_implib
lt_cv_sys_global_symbol_pipe='sed -n -e '\''s/^.*[	 ]\([ABCDGIRSTW][ABCDGIRSTW]*\)[	 ][	 ]*_\([_A-Za-z][_A-Za-z0-9]*\)$/\1 _\2 \2/p'\'' | sed '\''/ __gnu_lto/d'\'''
lt_cv_sys_global_symbol_to_c_name_address='sed -n -e '\''s/^: \([^ ]*\)[ ]*$/  {\"\1\", (void *) 0},/p'\'' -e '\''s/^[ABCDGIRSTW]* \([^ ]*\) \([^ ]*\)$/  {"\2", (void *) \&\2},/p'\'''
lt_cv_sys_global_symbol_to_c_name_address_lib_prefix='sed -n -e '\''s/^: \([^ ]*\)[ ]*$/  {\"\1\", (void *) 0},/p'\'' -e '\''s/^[ABCDGIRSTW]* \([^ ]*\) \(lib[^ ]*\)$/  {"\2", (void *) \&\2},/p'\'' -e '\''s/^[ABCDGIRSTW]* \([^ ]*\) \([^ ]*\)$/  {"lib\2", (void *) \&\2},/p'\'''
lt_cv_sys_global_symbol_to_cdecl='sed -n -e '\''s/^T .* \(.*\)$/extern int \1();/p'\'' -e '\''s/^[ABCDGIRSTW]* .* \(.*\)$/extern char \1;/p'\'''
lt_cv_sys_max_cmd_len=8192
lt_cv_to_host_file_cmd=func_convert_file_noop
lt_cv_to_tool_file_cmd=func_convert_file_noop

## ----------------- ##
## Output variables. ##
## ----------------- ##

ACLOCAL='${SHELL} /cygdrive/g/boulot/cpp/gc-7.2/missing --run aclocal-1.11'
AMDEPBACKSLASH='\'
AMDEP_FALSE='#'
AMDEP_TRUE=''
AMTAR='$${TAR-tar}'
AR='ar'
ATOMIC_OPS_CFLAGS='-I$(top_builddir)/libatomic_ops/src -I$(top_srcdir)/libatomic_ops/src'
ATOMIC_OPS_LIBS=''
AUTOCONF='${SHELL} /cygdrive/g/boulot/cpp/gc-7.2/missing --run autoconf'
AUTOHEADER='${SHELL} /cygdrive/g/boulot/cpp/gc-7.2/missing --run autoheader'
AUTOMAKE='${SHELL} /cygdrive/g/boulot/cpp/gc-7.2/missing --run automake-1.11'
AVOID_CPP_LIB_FALSE=''
AVOID_CPP_LIB_TRUE='#'
AWK='gawk'
CC='gcc'
CCAS='gcc'
CCASDEPMODE='depmode=gcc3'
CCASFLAGS='-g -O2'
CCDEPMODE='depmode=gcc3'
CFLAGS='-g -O2 -fno-strict-aliasing'
COMPILER_XLC_FALSE=''
COMPILER_XLC_TRUE='#'
CPLUSPLUS_FALSE=''
CPLUSPLUS_TRUE='#'
CPP='gcc -E'
CPPFLAGS=''
CXX='g++'
CXXCPP='g++ -E'
CXXDEPMODE='depmode=gcc3'
CXXFLAGS='-g -O2'
CXXINCLUDES=''
CYGPATH_W='cygpath -w'
DARWIN_THREADS_FALSE=''
DARWIN_THREADS_TRUE='#'
DEFS='-DHAVE_CONFIG_H'
DEPDIR='.deps'
DLLTOOL='dlltool'
DSYMUTIL=''
DUMPBIN=''
ECHO_C=''
ECHO_N='-n'
ECHO_T=''
EGREP='/usr/bin//grep -E'
ENABLE_GCJ_SUPPORT_FALSE='#'
ENABLE_GCJ_SUPPORT_TRUE=''
EXEEXT='.exe'
EXTRA_TEST_LIBS=''
FGREP='/usr/bin//grep -F'
GC_CFLAGS=' -fexceptions'
GC_VERSION=''
GREP='/usr/bin//grep'
INCLUDES=''
INSTALL_DATA='${INSTALL} -m 644'
INSTALL_PROGRAM='${INSTALL}'
INSTALL_SCRIPT='${INSTALL}'
INSTALL_STRIP_PROGRAM='$(install_sh) -c -s'
KEEP_BACK_PTRS_FALSE=''
KEEP_BACK_PTRS_TRUE='#'
LD='/usr/i686-pc-cygwin/bin/ld.exe'
LDFLAGS=''
LIBOBJS=''
LIBS=''
LIBTOOL='$(SHELL) $(top_builddir)/libtool'
LIPO=''
LN_S='ln -s'
LTLIBOBJS=''
MAINT='#'
MAINTAINER_MODE_FALSE=''
MAINTAINER_MODE_TRUE='#'
MAKEINFO='${SHELL} /cygdrive/g/boulot/cpp/gc-7.2/missing --run makeinfo'
MANIFEST_TOOL=':'
MKDIR_P='/usr/bin//mkdir -p'
NEED_ATOMIC_OPS_ASM_FALSE=''
NEED_ATOMIC_OPS_ASM_TRUE='#'
NM='/usr/bin//nm -B'
NMEDIT=''
OBJDUMP='objdump'
OBJEXT='o'
OPENBSD_THREADS_FALSE=''
OPENBSD_THREADS_TRUE='#'
OTOOL64=''
OTOOL=''
PACKAGE='gc'
PACKAGE_BUGREPORT='gc@linux.hpl.hp.com'
PACKAGE_NAME='gc'
PACKAGE_STRING='gc 7.2'
PACKAGE_TARNAME='gc'
PACKAGE_URL=''
PACKAGE_VERSION='7.2'
PATH_SEPARATOR=':'
PKG_CONFIG='/usr/bin//pkg-config'
PKG_CONFIG_LIBDIR=''
PKG_CONFIG_PATH=''
PTHREADS_FALSE='#'
PTHREADS_TRUE=''
RANLIB='ranlib'
SED='/usr/bin//sed'
SET_MAKE=''
SHELL='/bin/sh'
STRIP='strip'
THREADDLLIBS=''
THREADS_FALSE='#'
THREADS_TRUE=''
UNWINDLIBS=''
USE_INTERNAL_LIBATOMIC_OPS_FALSE='#'
USE_INTERNAL_LIBATOMIC_OPS_TRUE=''
USE_LIBDIR_FALSE='#'
USE_LIBDIR_TRUE=''
VERSION='7.2'
WIN32_THREADS_FALSE='#'
WIN32_THREADS_TRUE=''
ac_ct_AR='ar'
ac_ct_CC='gcc'
ac_ct_CXX='g++'
ac_ct_DUMPBIN=''
addlibs=''
addobjs=' mach_dep.lo'
am__EXEEXT_FALSE='#'
am__EXEEXT_TRUE=''
am__fastdepCCAS_FALSE='#'
am__fastdepCCAS_TRUE=''
am__fastdepCC_FALSE='#'
am__fastdepCC_TRUE=''
am__fastdepCXX_FALSE='#'
am__fastdepCXX_TRUE=''
am__include='include'
am__isrc=''
am__leading_dot='.'
am__nodep='_no'
am__quote=''
am__tar='$${TAR-tar} chof - "$$tardir"'
am__untar='$${TAR-tar} xf -'
bindir='${exec_prefix}/bin'
build='i686-pc-cygwin'
build_alias=''
build_cpu='i686'
build_os='cygwin'
build_vendor='pc'
datadir='${datarootdir}'
datarootdir='${prefix}/share'
docdir='${datarootdir}/doc/${PACKAGE_TARNAME}'
dvidir='${docdir}'
exec_prefix='${prefix}'
extra_ldflags_libgc=''
host='i686-pc-cygwin'
host_alias=''
host_cpu='i686'
host_os='cygwin'
host_vendor='pc'
htmldir='${docdir}'
includedir='${prefix}/include'
infodir='${datarootdir}/info'
install_sh='${SHELL} /cygdrive/g/boulot/cpp/gc-7.2/install-sh'
libdir='${exec_prefix}/lib'
libexecdir='${exec_prefix}/libexec'
localedir='${datarootdir}/locale'
localstatedir='${prefix}/var'
mandir='${datarootdir}/man'
mkdir_p='/usr/bin//mkdir -p'
oldincludedir='/usr/include'
pdfdir='${docdir}'
prefix='/usr/local'
program_transform_name='s,x,x,'
psdir='${docdir}'
sbindir='${exec_prefix}/sbin'
sharedstatedir='${prefix}/com'
subdirs=' libatomic_ops'
sysconfdir='${prefix}/etc'
target='i686-pc-cygwin'
target_alias=''
target_all='libgc.la'
target_cpu='i686'
target_os='cygwin'
target_vendor='pc'

## ----------- ##
## confdefs.h. ##
## ----------- ##

/* confdefs.h */
#define PACKAGE_NAME "gc"
#define PACKAGE_TARNAME "gc"
#define PACKAGE_VERSION "7.2"
#define PACKAGE_STRING "gc 7.2"
#define PACKAGE_BUGREPORT "gc@linux.hpl.hp.com"
#define PACKAGE_URL ""
#define GC_VERSION_MAJOR 7
#define GC_VERSION_MINOR 2
#define PACKAGE "gc"
#define VERSION "7.2"
#define GC_WIN32_THREADS 1
#define THREAD_LOCAL_ALLOC 1
#define STDC_HEADERS 1
#define HAVE_SYS_TYPES_H 1
#define HAVE_SYS_STAT_H 1
#define HAVE_STDLIB_H 1
#define HAVE_STRING_H 1
#define HAVE_MEMORY_H 1
#define HAVE_STRINGS_H 1
#define HAVE_INTTYPES_H 1
#define HAVE_STDINT_H 1
#define HAVE_UNISTD_H 1
#define HAVE_DLFCN_H 1
#define LT_OBJDIR ".libs/"
#define NO_EXECUTE_PERMISSION 1
#define ALL_INTERIOR_POINTERS 1
#define GC_GCJ_SUPPORT 1
#define JAVA_FINALIZATION 1
#define ATOMIC_UNCOLLECTABLE 1

configure: exit 0
